<?xml version="1.0" encoding="UTF-8"?>
<!-- Generated by org.testng.reporters.JUnitXMLReporter -->
<testsuite ignored="0" hostname="DESKTOP-VT2BQ7B" failures="0" tests="8" name="Test 4 class in A Family" time="17.445" errors="0" timestamp="2022-06-05T16:42:16 EDT">
  <testcase classname="a_Family.AAA" name="testAAA" time="2.026"/>
  <testcase classname="a_Family.AAA" name="testAAA" time="2.016"/>
  <testcase classname="a_Family.AA" name="testAA" time="2.006"/>
  <testcase classname="a_Family.AA" name="testAA" time="2.004"/>
  <testcase classname="a_Family.AAAA" name="testAA" time="2.019"/>
  <testcase classname="a_Family.AAAA" name="testAA" time="2.01"/>
  <testcase classname="a_Family.A" name="testA" time="2.009"/>
  <testcase classname="a_Family.A" name="testA" time="2.01"/>
</testsuite> <!-- Test 4 class in A Family -->
